{"/Users/nls.pglenn/github/Codesmith/solo-project/server/server.js": {"path":"/Users/nls.pglenn/github/Codesmith/solo-project/server/server.js","statementMap":{"0":{"start":{"line":1,"column":16},"end":{"line":1,"column":34}},"1":{"start":{"line":2,"column":12},"end":{"line":2,"column":21}},"2":{"start":{"line":3,"column":13},"end":{"line":3,"column":37}},"3":{"start":{"line":5,"column":15},"end":{"line":5,"column":32}},"4":{"start":{"line":6,"column":24},"end":{"line":6,"column":59}},"5":{"start":{"line":7,"column":0},"end":{"line":7,"column":16}},"6":{"start":{"line":9,"column":0},"end":{"line":9,"column":24}},"7":{"start":{"line":10,"column":0},"end":{"line":10,"column":39}},"8":{"start":{"line":13,"column":0},"end":{"line":15,"column":3}},"9":{"start":{"line":14,"column":2},"end":{"line":14,"column":36}},"10":{"start":{"line":18,"column":0},"end":{"line":21,"column":3}},"11":{"start":{"line":19,"column":2},"end":{"line":19,"column":19}},"12":{"start":{"line":20,"column":2},"end":{"line":20,"column":39}},"13":{"start":{"line":23,"column":0},"end":{"line":25,"column":3}},"14":{"start":{"line":24,"column":2},"end":{"line":24,"column":43}},"15":{"start":{"line":27,"column":0},"end":{"line":27,"column":21}}},"fnMap":{"0":{"name":"(anonymous_0)","decl":{"start":{"line":13,"column":8},"end":{"line":13,"column":9}},"loc":{"start":{"line":13,"column":22},"end":{"line":15,"column":1}},"line":13},"1":{"name":"(anonymous_1)","decl":{"start":{"line":18,"column":8},"end":{"line":18,"column":9}},"loc":{"start":{"line":18,"column":33},"end":{"line":21,"column":1}},"line":18},"2":{"name":"(anonymous_2)","decl":{"start":{"line":23,"column":17},"end":{"line":23,"column":18}},"loc":{"start":{"line":23,"column":23},"end":{"line":25,"column":1}},"line":23}},"branchMap":{"0":{"loc":{"start":{"line":3,"column":13},"end":{"line":3,"column":37}},"type":"binary-expr","locations":[{"start":{"line":3,"column":13},"end":{"line":3,"column":29}},{"start":{"line":3,"column":33},"end":{"line":3,"column":37}}],"line":3}},"s":{"0":1,"1":1,"2":1,"3":1,"4":1,"5":1,"6":1,"7":1,"8":1,"9":0,"10":1,"11":0,"12":0,"13":1,"14":1,"15":1},"f":{"0":0,"1":0,"2":1},"b":{"0":[1,1]},"_coverageSchema":"1a1c01bbd47fc00a2c39e90264f33305004495a9","hash":"97f572cadcd1a2240f9c4f3044c7b0182c7ab701"}
,"/Users/nls.pglenn/github/Codesmith/solo-project/server/controllers/characterController.js": {"path":"/Users/nls.pglenn/github/Codesmith/solo-project/server/controllers/characterController.js","statementMap":{"0":{"start":{"line":1,"column":18},"end":{"line":1,"column":62}},"1":{"start":{"line":2,"column":24},"end":{"line":2,"column":63}},"2":{"start":{"line":4,"column":28},"end":{"line":4,"column":30}},"3":{"start":{"line":18,"column":0},"end":{"line":75,"column":2}},"4":{"start":{"line":19,"column":59},"end":{"line":19,"column":67}},"5":{"start":{"line":20,"column":2},"end":{"line":20,"column":42}},"6":{"start":{"line":21,"column":25},"end":{"line":21,"column":47}},"7":{"start":{"line":22,"column":24},"end":{"line":22,"column":63}},"8":{"start":{"line":23,"column":24},"end":{"line":23,"column":63}},"9":{"start":{"line":24,"column":23},"end":{"line":24,"column":68}},"10":{"start":{"line":26,"column":2},"end":{"line":74,"column":6}},"11":{"start":{"line":29,"column":6},"end":{"line":61,"column":9}},"12":{"start":{"line":58,"column":50},"end":{"line":58,"column":67}},"13":{"start":{"line":64,"column":6},"end":{"line":64,"column":39}},"14":{"start":{"line":65,"column":6},"end":{"line":65,"column":20}},"15":{"start":{"line":68,"column":6},"end":{"line":73,"column":8}},"16":{"start":{"line":78,"column":0},"end":{"line":139,"column":2}},"17":{"start":{"line":79,"column":51},"end":{"line":79,"column":59}},"18":{"start":{"line":80,"column":25},"end":{"line":80,"column":47}},"19":{"start":{"line":83,"column":24},"end":{"line":83,"column":63}},"20":{"start":{"line":84,"column":24},"end":{"line":84,"column":63}},"21":{"start":{"line":85,"column":24},"end":{"line":85,"column":69}},"22":{"start":{"line":88,"column":2},"end":{"line":138,"column":7}},"23":{"start":{"line":90,"column":6},"end":{"line":124,"column":8}},"24":{"start":{"line":119,"column":52},"end":{"line":119,"column":69}},"25":{"start":{"line":127,"column":6},"end":{"line":127,"column":41}},"26":{"start":{"line":128,"column":6},"end":{"line":128,"column":31}},"27":{"start":{"line":129,"column":6},"end":{"line":129,"column":20}},"28":{"start":{"line":132,"column":6},"end":{"line":137,"column":9}},"29":{"start":{"line":143,"column":0},"end":{"line":159,"column":2}},"30":{"start":{"line":144,"column":19},"end":{"line":144,"column":27}},"31":{"start":{"line":146,"column":2},"end":{"line":158,"column":7}},"32":{"start":{"line":148,"column":6},"end":{"line":148,"column":41}},"33":{"start":{"line":149,"column":6},"end":{"line":149,"column":20}},"34":{"start":{"line":152,"column":6},"end":{"line":157,"column":9}},"35":{"start":{"line":164,"column":0},"end":{"line":181,"column":2}},"36":{"start":{"line":168,"column":2},"end":{"line":180,"column":7}},"37":{"start":{"line":170,"column":6},"end":{"line":170,"column":45}},"38":{"start":{"line":171,"column":6},"end":{"line":171,"column":20}},"39":{"start":{"line":174,"column":6},"end":{"line":179,"column":9}},"40":{"start":{"line":185,"column":0},"end":{"line":202,"column":2}},"41":{"start":{"line":187,"column":19},"end":{"line":187,"column":27}},"42":{"start":{"line":189,"column":2},"end":{"line":201,"column":7}},"43":{"start":{"line":191,"column":6},"end":{"line":191,"column":39}},"44":{"start":{"line":192,"column":6},"end":{"line":192,"column":20}},"45":{"start":{"line":195,"column":6},"end":{"line":200,"column":9}},"46":{"start":{"line":204,"column":0},"end":{"line":204,"column":37}}},"fnMap":{"0":{"name":"(anonymous_0)","decl":{"start":{"line":18,"column":38},"end":{"line":18,"column":39}},"loc":{"start":{"line":18,"column":58},"end":{"line":75,"column":1}},"line":18},"1":{"name":"(anonymous_1)","decl":{"start":{"line":27,"column":10},"end":{"line":27,"column":11}},"loc":{"start":{"line":27,"column":57},"end":{"line":62,"column":5}},"line":27},"2":{"name":"(anonymous_2)","decl":{"start":{"line":58,"column":33},"end":{"line":58,"column":34}},"loc":{"start":{"line":58,"column":50},"end":{"line":58,"column":67}},"line":58},"3":{"name":"(anonymous_3)","decl":{"start":{"line":63,"column":10},"end":{"line":63,"column":11}},"loc":{"start":{"line":63,"column":25},"end":{"line":66,"column":5}},"line":63},"4":{"name":"(anonymous_4)","decl":{"start":{"line":67,"column":11},"end":{"line":67,"column":12}},"loc":{"start":{"line":68,"column":6},"end":{"line":73,"column":8}},"line":68},"5":{"name":"(anonymous_5)","decl":{"start":{"line":78,"column":38},"end":{"line":78,"column":39}},"loc":{"start":{"line":78,"column":64},"end":{"line":139,"column":1}},"line":78},"6":{"name":"(anonymous_6)","decl":{"start":{"line":89,"column":10},"end":{"line":89,"column":11}},"loc":{"start":{"line":89,"column":57},"end":{"line":125,"column":5}},"line":89},"7":{"name":"(anonymous_7)","decl":{"start":{"line":119,"column":35},"end":{"line":119,"column":36}},"loc":{"start":{"line":119,"column":52},"end":{"line":119,"column":69}},"line":119},"8":{"name":"(anonymous_8)","decl":{"start":{"line":126,"column":10},"end":{"line":126,"column":11}},"loc":{"start":{"line":126,"column":27},"end":{"line":130,"column":5}},"line":126},"9":{"name":"(anonymous_9)","decl":{"start":{"line":131,"column":11},"end":{"line":131,"column":12}},"loc":{"start":{"line":131,"column":22},"end":{"line":138,"column":5}},"line":131},"10":{"name":"(anonymous_10)","decl":{"start":{"line":143,"column":38},"end":{"line":143,"column":39}},"loc":{"start":{"line":143,"column":58},"end":{"line":159,"column":1}},"line":143},"11":{"name":"(anonymous_11)","decl":{"start":{"line":147,"column":10},"end":{"line":147,"column":11}},"loc":{"start":{"line":147,"column":27},"end":{"line":150,"column":5}},"line":147},"12":{"name":"(anonymous_12)","decl":{"start":{"line":151,"column":11},"end":{"line":151,"column":12}},"loc":{"start":{"line":151,"column":22},"end":{"line":158,"column":5}},"line":151},"13":{"name":"(anonymous_13)","decl":{"start":{"line":164,"column":36},"end":{"line":164,"column":37}},"loc":{"start":{"line":164,"column":56},"end":{"line":181,"column":1}},"line":164},"14":{"name":"(anonymous_14)","decl":{"start":{"line":169,"column":10},"end":{"line":169,"column":11}},"loc":{"start":{"line":169,"column":30},"end":{"line":172,"column":5}},"line":169},"15":{"name":"(anonymous_15)","decl":{"start":{"line":173,"column":11},"end":{"line":173,"column":12}},"loc":{"start":{"line":173,"column":22},"end":{"line":180,"column":5}},"line":173},"16":{"name":"(anonymous_16)","decl":{"start":{"line":185,"column":35},"end":{"line":185,"column":36}},"loc":{"start":{"line":185,"column":55},"end":{"line":202,"column":1}},"line":185},"17":{"name":"(anonymous_17)","decl":{"start":{"line":190,"column":10},"end":{"line":190,"column":11}},"loc":{"start":{"line":190,"column":25},"end":{"line":193,"column":5}},"line":190},"18":{"name":"(anonymous_18)","decl":{"start":{"line":194,"column":11},"end":{"line":194,"column":12}},"loc":{"start":{"line":194,"column":22},"end":{"line":201,"column":5}},"line":194}},"branchMap":{"0":{"loc":{"start":{"line":21,"column":25},"end":{"line":21,"column":47}},"type":"cond-expr","locations":[{"start":{"line":21,"column":38},"end":{"line":21,"column":43}},{"start":{"line":21,"column":46},"end":{"line":21,"column":47}}],"line":21},"1":{"loc":{"start":{"line":34,"column":20},"end":{"line":34,"column":39}},"type":"binary-expr","locations":[{"start":{"line":34,"column":20},"end":{"line":34,"column":30}},{"start":{"line":34,"column":34},"end":{"line":34,"column":39}}],"line":34},"2":{"loc":{"start":{"line":57,"column":16},"end":{"line":59,"column":15}},"type":"cond-expr","locations":[{"start":{"line":58,"column":14},"end":{"line":58,"column":71}},{"start":{"line":59,"column":14},"end":{"line":59,"column":15}}],"line":57},"3":{"loc":{"start":{"line":80,"column":25},"end":{"line":80,"column":47}},"type":"cond-expr","locations":[{"start":{"line":80,"column":38},"end":{"line":80,"column":43}},{"start":{"line":80,"column":46},"end":{"line":80,"column":47}}],"line":80},"4":{"loc":{"start":{"line":95,"column":22},"end":{"line":95,"column":41}},"type":"binary-expr","locations":[{"start":{"line":95,"column":22},"end":{"line":95,"column":32}},{"start":{"line":95,"column":36},"end":{"line":95,"column":41}}],"line":95},"5":{"loc":{"start":{"line":118,"column":18},"end":{"line":120,"column":17}},"type":"cond-expr","locations":[{"start":{"line":119,"column":16},"end":{"line":119,"column":73}},{"start":{"line":120,"column":16},"end":{"line":120,"column":17}}],"line":118}},"s":{"0":1,"1":1,"2":1,"3":1,"4":0,"5":0,"6":0,"7":0,"8":0,"9":0,"10":0,"11":0,"12":0,"13":0,"14":0,"15":0,"16":1,"17":0,"18":0,"19":0,"20":0,"21":0,"22":0,"23":0,"24":0,"25":0,"26":0,"27":0,"28":0,"29":1,"30":0,"31":0,"32":0,"33":0,"34":0,"35":1,"36":1,"37":1,"38":1,"39":0,"40":1,"41":0,"42":0,"43":0,"44":0,"45":0,"46":1},"f":{"0":0,"1":0,"2":0,"3":0,"4":0,"5":0,"6":0,"7":0,"8":0,"9":0,"10":0,"11":0,"12":0,"13":1,"14":1,"15":0,"16":0,"17":0,"18":0},"b":{"0":[0,0],"1":[0,0],"2":[0,0],"3":[0,0],"4":[0,0],"5":[0,0]},"_coverageSchema":"1a1c01bbd47fc00a2c39e90264f33305004495a9","hash":"217d3f18c48825f596a4e1b77165588e5ec3a4b6"}
,"/Users/nls.pglenn/github/Codesmith/solo-project/server/database/mongo.js": {"path":"/Users/nls.pglenn/github/Codesmith/solo-project/server/database/mongo.js","statementMap":{"0":{"start":{"line":1,"column":15},"end":{"line":1,"column":32}},"1":{"start":{"line":2,"column":0},"end":{"line":2,"column":16}},"2":{"start":{"line":3,"column":0},"end":{"line":3,"column":39}}},"fnMap":{},"branchMap":{},"s":{"0":1,"1":1,"2":1},"f":{},"b":{},"_coverageSchema":"1a1c01bbd47fc00a2c39e90264f33305004495a9","hash":"4ff4ebeadcddf3806e097758b467cc658d704478"}
,"/Users/nls.pglenn/github/Codesmith/solo-project/server/database/models/characterModel.js": {"path":"/Users/nls.pglenn/github/Codesmith/solo-project/server/database/models/characterModel.js","statementMap":{"0":{"start":{"line":1,"column":17},"end":{"line":1,"column":36}},"1":{"start":{"line":2,"column":12},"end":{"line":2,"column":31}},"2":{"start":{"line":3,"column":0},"end":{"line":3,"column":42}},"3":{"start":{"line":5,"column":15},"end":{"line":5,"column":30}},"4":{"start":{"line":8,"column":19},"end":{"line":17,"column":2}},"5":{"start":{"line":19,"column":0},"end":{"line":19,"column":58}}},"fnMap":{},"branchMap":{},"s":{"0":1,"1":1,"2":1,"3":1,"4":1,"5":1},"f":{},"b":{},"_coverageSchema":"1a1c01bbd47fc00a2c39e90264f33305004495a9","hash":"e899381018ee8106d90213237eea4f02ddb3a8d0"}
,"/Users/nls.pglenn/github/Codesmith/solo-project/server/database/util/findContent.js": {"path":"/Users/nls.pglenn/github/Codesmith/solo-project/server/database/util/findContent.js","statementMap":{"0":{"start":{"line":4,"column":24},"end":{"line":4,"column":42}},"1":{"start":{"line":5,"column":12},"end":{"line":5,"column":31}},"2":{"start":{"line":9,"column":17},"end":{"line":9,"column":37}},"3":{"start":{"line":10,"column":2},"end":{"line":46,"column":3}},"4":{"start":{"line":13,"column":4},"end":{"line":13,"column":27}},"5":{"start":{"line":16,"column":24},"end":{"line":21,"column":16}},"6":{"start":{"line":23,"column":4},"end":{"line":41,"column":5}},"7":{"start":{"line":24,"column":6},"end":{"line":26,"column":9}},"8":{"start":{"line":25,"column":8},"end":{"line":25,"column":53}},"9":{"start":{"line":27,"column":11},"end":{"line":41,"column":5}},"10":{"start":{"line":29,"column":26},"end":{"line":29,"column":28}},"11":{"start":{"line":30,"column":6},"end":{"line":39,"column":7}},"12":{"start":{"line":30,"column":19},"end":{"line":30,"column":41}},"13":{"start":{"line":31,"column":8},"end":{"line":38,"column":9}},"14":{"start":{"line":33,"column":27},"end":{"line":36,"column":11}},"15":{"start":{"line":34,"column":25},"end":{"line":34,"column":63}},"16":{"start":{"line":37,"column":10},"end":{"line":37,"column":59}},"17":{"start":{"line":37,"column":26},"end":{"line":37,"column":59}},"18":{"start":{"line":40,"column":6},"end":{"line":40,"column":25}},"19":{"start":{"line":43,"column":4},"end":{"line":43,"column":21}},"20":{"start":{"line":45,"column":4},"end":{"line":45,"column":19}},"21":{"start":{"line":57,"column":0},"end":{"line":57,"column":33}}},"fnMap":{"0":{"name":"findBestContent","decl":{"start":{"line":8,"column":15},"end":{"line":8,"column":30}},"loc":{"start":{"line":8,"column":50},"end":{"line":47,"column":1}},"line":8},"1":{"name":"(anonymous_1)","decl":{"start":{"line":24,"column":32},"end":{"line":24,"column":33}},"loc":{"start":{"line":24,"column":51},"end":{"line":26,"column":7}},"line":24},"2":{"name":"(anonymous_2)","decl":{"start":{"line":34,"column":12},"end":{"line":34,"column":13}},"loc":{"start":{"line":34,"column":25},"end":{"line":34,"column":63}},"line":34}},"branchMap":{"0":{"loc":{"start":{"line":23,"column":4},"end":{"line":41,"column":5}},"type":"if","locations":[{"start":{"line":23,"column":4},"end":{"line":41,"column":5}},{"start":{"line":27,"column":11},"end":{"line":41,"column":5}}],"line":23},"1":{"loc":{"start":{"line":23,"column":8},"end":{"line":23,"column":76}},"type":"binary-expr","locations":[{"start":{"line":23,"column":8},"end":{"line":23,"column":40}},{"start":{"line":23,"column":44},"end":{"line":23,"column":76}}],"line":23},"2":{"loc":{"start":{"line":25,"column":15},"end":{"line":25,"column":52}},"type":"cond-expr","locations":[{"start":{"line":25,"column":38},"end":{"line":25,"column":45}},{"start":{"line":25,"column":48},"end":{"line":25,"column":52}}],"line":25},"3":{"loc":{"start":{"line":27,"column":11},"end":{"line":41,"column":5}},"type":"if","locations":[{"start":{"line":27,"column":11},"end":{"line":41,"column":5}},{"start":{},"end":{}}],"line":27},"4":{"loc":{"start":{"line":31,"column":8},"end":{"line":38,"column":9}},"type":"if","locations":[{"start":{"line":31,"column":8},"end":{"line":38,"column":9}},{"start":{},"end":{}}],"line":31},"5":{"loc":{"start":{"line":31,"column":12},"end":{"line":31,"column":65}},"type":"binary-expr","locations":[{"start":{"line":31,"column":12},"end":{"line":31,"column":39}},{"start":{"line":31,"column":43},"end":{"line":31,"column":65}}],"line":31},"6":{"loc":{"start":{"line":34,"column":25},"end":{"line":34,"column":63}},"type":"binary-expr","locations":[{"start":{"line":34,"column":25},"end":{"line":34,"column":29}},{"start":{"line":34,"column":33},"end":{"line":34,"column":63}}],"line":34},"7":{"loc":{"start":{"line":37,"column":10},"end":{"line":37,"column":59}},"type":"if","locations":[{"start":{"line":37,"column":10},"end":{"line":37,"column":59}},{"start":{},"end":{}}],"line":37}},"s":{"0":1,"1":1,"2":0,"3":0,"4":0,"5":0,"6":0,"7":0,"8":0,"9":0,"10":0,"11":0,"12":0,"13":0,"14":0,"15":0,"16":0,"17":0,"18":0,"19":0,"20":0,"21":1},"f":{"0":0,"1":0,"2":0},"b":{"0":[0,0],"1":[0,0],"2":[0,0],"3":[0,0],"4":[0,0],"5":[0,0],"6":[0,0],"7":[0,0]},"_coverageSchema":"1a1c01bbd47fc00a2c39e90264f33305004495a9","hash":"983e72e5d52705bed6b8658836078f9eef65b153"}
,"/Users/nls.pglenn/github/Codesmith/solo-project/server/routes/characterRoutes.js": {"path":"/Users/nls.pglenn/github/Codesmith/solo-project/server/routes/characterRoutes.js","statementMap":{"0":{"start":{"line":1,"column":16},"end":{"line":1,"column":34}},"1":{"start":{"line":2,"column":28},"end":{"line":2,"column":73}},"2":{"start":{"line":3,"column":15},"end":{"line":3,"column":31}},"3":{"start":{"line":6,"column":0},"end":{"line":8,"column":3}},"4":{"start":{"line":7,"column":2},"end":{"line":7,"column":46}},"5":{"start":{"line":10,"column":0},"end":{"line":12,"column":3}},"6":{"start":{"line":11,"column":2},"end":{"line":11,"column":45}},"7":{"start":{"line":14,"column":0},"end":{"line":16,"column":3}},"8":{"start":{"line":15,"column":2},"end":{"line":15,"column":45}},"9":{"start":{"line":19,"column":0},"end":{"line":21,"column":3}},"10":{"start":{"line":20,"column":2},"end":{"line":20,"column":45}},"11":{"start":{"line":24,"column":0},"end":{"line":26,"column":3}},"12":{"start":{"line":25,"column":2},"end":{"line":25,"column":45}},"13":{"start":{"line":28,"column":0},"end":{"line":28,"column":24}}},"fnMap":{"0":{"name":"(anonymous_0)","decl":{"start":{"line":6,"column":61},"end":{"line":6,"column":62}},"loc":{"start":{"line":6,"column":75},"end":{"line":8,"column":1}},"line":6},"1":{"name":"(anonymous_1)","decl":{"start":{"line":10,"column":50},"end":{"line":10,"column":51}},"loc":{"start":{"line":10,"column":64},"end":{"line":12,"column":1}},"line":10},"2":{"name":"(anonymous_2)","decl":{"start":{"line":14,"column":54},"end":{"line":14,"column":55}},"loc":{"start":{"line":14,"column":68},"end":{"line":16,"column":1}},"line":14},"3":{"name":"(anonymous_3)","decl":{"start":{"line":19,"column":55},"end":{"line":19,"column":56}},"loc":{"start":{"line":19,"column":69},"end":{"line":21,"column":1}},"line":19},"4":{"name":"(anonymous_4)","decl":{"start":{"line":24,"column":56},"end":{"line":24,"column":57}},"loc":{"start":{"line":24,"column":70},"end":{"line":26,"column":1}},"line":24}},"branchMap":{},"s":{"0":1,"1":1,"2":1,"3":1,"4":1,"5":1,"6":0,"7":1,"8":0,"9":1,"10":0,"11":1,"12":0,"13":1},"f":{"0":1,"1":0,"2":0,"3":0,"4":0},"b":{},"_coverageSchema":"1a1c01bbd47fc00a2c39e90264f33305004495a9","hash":"df12b06dd8653c690d39f48d9fc669d21f0ab2ac"}
}
