TN:
SF:server/server.js
FN:13,(anonymous_0)
FN:18,(anonymous_1)
FN:23,(anonymous_2)
FNF:3
FNH:1
FNDA:0,(anonymous_0)
FNDA:0,(anonymous_1)
FNDA:1,(anonymous_2)
DA:1,1
DA:2,1
DA:3,1
DA:5,1
DA:6,1
DA:7,1
DA:9,1
DA:10,1
DA:13,1
DA:14,0
DA:18,1
DA:19,0
DA:20,0
DA:23,1
DA:24,1
DA:27,1
LF:16
LH:13
BRDA:3,0,0,1
BRDA:3,0,1,1
BRF:2
BRH:2
end_of_record
TN:
SF:server/controllers/characterController.js
FN:18,(anonymous_0)
FN:27,(anonymous_1)
FN:58,(anonymous_2)
FN:63,(anonymous_3)
FN:67,(anonymous_4)
FN:78,(anonymous_5)
FN:89,(anonymous_6)
FN:119,(anonymous_7)
FN:126,(anonymous_8)
FN:131,(anonymous_9)
FN:143,(anonymous_10)
FN:147,(anonymous_11)
FN:151,(anonymous_12)
FN:164,(anonymous_13)
FN:169,(anonymous_14)
FN:173,(anonymous_15)
FN:185,(anonymous_16)
FN:190,(anonymous_17)
FN:194,(anonymous_18)
FNF:19
FNH:2
FNDA:0,(anonymous_0)
FNDA:0,(anonymous_1)
FNDA:0,(anonymous_2)
FNDA:0,(anonymous_3)
FNDA:0,(anonymous_4)
FNDA:0,(anonymous_5)
FNDA:0,(anonymous_6)
FNDA:0,(anonymous_7)
FNDA:0,(anonymous_8)
FNDA:0,(anonymous_9)
FNDA:0,(anonymous_10)
FNDA:0,(anonymous_11)
FNDA:0,(anonymous_12)
FNDA:1,(anonymous_13)
FNDA:1,(anonymous_14)
FNDA:0,(anonymous_15)
FNDA:0,(anonymous_16)
FNDA:0,(anonymous_17)
FNDA:0,(anonymous_18)
DA:1,1
DA:2,1
DA:4,1
DA:18,1
DA:19,0
DA:20,0
DA:21,0
DA:22,0
DA:23,0
DA:24,0
DA:26,0
DA:29,0
DA:58,0
DA:64,0
DA:65,0
DA:68,0
DA:78,1
DA:79,0
DA:80,0
DA:83,0
DA:84,0
DA:85,0
DA:88,0
DA:90,0
DA:119,0
DA:127,0
DA:128,0
DA:129,0
DA:132,0
DA:143,1
DA:144,0
DA:146,0
DA:148,0
DA:149,0
DA:152,0
DA:164,1
DA:168,1
DA:170,1
DA:171,1
DA:174,0
DA:185,1
DA:187,0
DA:189,0
DA:191,0
DA:192,0
DA:195,0
DA:204,1
LF:47
LH:12
BRDA:21,0,0,0
BRDA:21,0,1,0
BRDA:34,1,0,0
BRDA:34,1,1,0
BRDA:57,2,0,0
BRDA:57,2,1,0
BRDA:80,3,0,0
BRDA:80,3,1,0
BRDA:95,4,0,0
BRDA:95,4,1,0
BRDA:118,5,0,0
BRDA:118,5,1,0
BRF:12
BRH:0
end_of_record
TN:
SF:server/database/mongo.js
FNF:0
FNH:0
DA:1,1
DA:2,1
DA:3,1
LF:3
LH:3
BRF:0
BRH:0
end_of_record
TN:
SF:server/database/models/characterModel.js
FNF:0
FNH:0
DA:1,1
DA:2,1
DA:3,1
DA:5,1
DA:8,1
DA:19,1
LF:6
LH:6
BRF:0
BRH:0
end_of_record
TN:
SF:server/database/util/findContent.js
FN:8,findBestContent
FN:24,(anonymous_1)
FN:34,(anonymous_2)
FNF:3
FNH:0
FNDA:0,findBestContent
FNDA:0,(anonymous_1)
FNDA:0,(anonymous_2)
DA:4,1
DA:5,1
DA:9,0
DA:10,0
DA:13,0
DA:16,0
DA:23,0
DA:24,0
DA:25,0
DA:27,0
DA:29,0
DA:30,0
DA:31,0
DA:33,0
DA:34,0
DA:37,0
DA:40,0
DA:43,0
DA:45,0
DA:57,1
LF:20
LH:3
BRDA:23,0,0,0
BRDA:23,0,1,0
BRDA:23,1,0,0
BRDA:23,1,1,0
BRDA:25,2,0,0
BRDA:25,2,1,0
BRDA:27,3,0,0
BRDA:27,3,1,0
BRDA:31,4,0,0
BRDA:31,4,1,0
BRDA:31,5,0,0
BRDA:31,5,1,0
BRDA:34,6,0,0
BRDA:34,6,1,0
BRDA:37,7,0,0
BRDA:37,7,1,0
BRF:16
BRH:0
end_of_record
TN:
SF:server/routes/characterRoutes.js
FN:6,(anonymous_0)
FN:10,(anonymous_1)
FN:14,(anonymous_2)
FN:19,(anonymous_3)
FN:24,(anonymous_4)
FNF:5
FNH:1
FNDA:1,(anonymous_0)
FNDA:0,(anonymous_1)
FNDA:0,(anonymous_2)
FNDA:0,(anonymous_3)
FNDA:0,(anonymous_4)
DA:1,1
DA:2,1
DA:3,1
DA:6,1
DA:7,1
DA:10,1
DA:11,0
DA:14,1
DA:15,0
DA:19,1
DA:20,0
DA:24,1
DA:25,0
DA:28,1
LF:14
LH:10
BRF:0
BRH:0
end_of_record
